#
# There is insufficient memory for the Java Runtime Environment to continue.
# Native memory allocation (malloc) failed to allocate 95456 bytes for Chunk::new
# Possible reasons:
#   The system is out of physical RAM or swap space
#   The process is running with CompressedOops enabled, and the Java Heap may be blocking the growth of the native heap
# Possible solutions:
#   Reduce memory load on the system
#   Increase physical memory or swap space
#   Check if swap backing store is full
#   Decrease Java heap size (-Xmx/-Xms)
#   Decrease number of Java threads
#   Decrease Java thread stack sizes (-Xss)
#   Set larger code cache with -XX:ReservedCodeCacheSize=
#   JVM is running with Unscaled Compressed Oops mode in which the Java heap is
#     placed in the first 4GB address space. The Java Heap base address is the
#     maximum limit for the native heap growth. Please use -XX:HeapBaseMinAddress
#     to set the Java Heap base and to place the Java Heap above 4GB virtual address.
# This output file may be truncated or incomplete.
#
#  Out of Memory Error (arena.cpp:184), pid=2628, tid=19108
#
# JRE version: Java(TM) SE Runtime Environment (18.0.2.1+1) (build 18.0.2.1+1-1)
# Java VM: Java HotSpot(TM) 64-Bit Server VM (18.0.2.1+1-1, mixed mode, sharing, tiered, compressed oops, compressed class ptrs, g1 gc, windows-amd64)
# No core dump will be written. Minidumps are not enabled by default on client versions of Windows
#

---------------  S U M M A R Y ------------

Command Line: com.bee.manager.ManagerApplication

Host: Intel(R) Core(TM) i5-7200U CPU @ 2.50GHz, 4 cores, 7G,  Windows 10 , 64 bit Build 19041 (10.0.19041.2364)
Time: Fri Jan  6 16:02:20 2023 China Standard Time elapsed time: 0.842650 seconds (0d 0h 0m 0s)

---------------  T H R E A D  ---------------

Current thread (0x0000019b2899cf30):  JavaThread "C2 CompilerThread0" daemon [_thread_in_native, id=19108, stack(0x00000060cb100000,0x00000060cb200000)]


Current CompileTask:
C2:    842  885       4       java.util.HashMap::putVal (300 bytes)

Stack: [0x00000060cb100000,0x00000060cb200000]
Native frames: (J=compiled Java code, j=interpreted, Vv=VM code, C=native code)
V  [jvm.dll+0x6993aa]
V  [jvm.dll+0x7f46dd]
V  [jvm.dll+0x7f5fee]
V  [jvm.dll+0x7f66a3]
V  [jvm.dll+0x25cf1f]
V  [jvm.dll+0xb8c2f]
V  [jvm.dll+0xb8fa5]
V  [jvm.dll+0x2c7e2f]
V  [jvm.dll+0x5a0d8e]
V  [jvm.dll+0x238453]
V  [jvm.dll+0x231a39]
V  [jvm.dll+0x22f3cb]
V  [jvm.dll+0x1ba01c]
V  [jvm.dll+0x23ee0a]
V  [jvm.dll+0x23d0f5]
V  [jvm.dll+0x7a6dd1]
V  [jvm.dll+0x7a120a]
V  [jvm.dll+0x698255]
C  [ucrtbase.dll+0x21bb2]
C  [KERNEL32.DLL+0x17614]
C  [ntdll.dll+0x526a1]


---------------  P R O C E S S  ---------------

Threads class SMR info:
_java_thread_list=0x0000019b2cca5c50, length=12, elements={
0x0000019b0b056780, 0x0000019b28950320, 0x0000019b28951630, 0x0000019b28975990,
0x0000019b28996250, 0x0000019b289972a0, 0x0000019b28998430, 0x0000019b2899cf30,
0x0000019b289a08c0, 0x0000019b289b4990, 0x0000019b2ccc1f40, 0x0000019b2cccab10
}

Java Threads: ( => current thread )
  0x0000019b0b056780 JavaThread "main" [_thread_in_Java, id=7928, stack(0x00000060ca400000,0x00000060ca500000)]
  0x0000019b28950320 JavaThread "Reference Handler" daemon [_thread_blocked, id=18292, stack(0x00000060cab00000,0x00000060cac00000)]
  0x0000019b28951630 JavaThread "Finalizer" daemon [_thread_blocked, id=13308, stack(0x00000060cac00000,0x00000060cad00000)]
  0x0000019b28975990 JavaThread "Signal Dispatcher" daemon [_thread_blocked, id=5856, stack(0x00000060cad00000,0x00000060cae00000)]
  0x0000019b28996250 JavaThread "Attach Listener" daemon [_thread_blocked, id=15044, stack(0x00000060cae00000,0x00000060caf00000)]
  0x0000019b289972a0 JavaThread "Service Thread" daemon [_thread_blocked, id=1016, stack(0x00000060caf00000,0x00000060cb000000)]
  0x0000019b28998430 JavaThread "Monitor Deflation Thread" daemon [_thread_blocked, id=14348, stack(0x00000060cb000000,0x00000060cb100000)]
=>0x0000019b2899cf30 JavaThread "C2 CompilerThread0" daemon [_thread_in_native, id=19108, stack(0x00000060cb100000,0x00000060cb200000)]
  0x0000019b289a08c0 JavaThread "C1 CompilerThread0" daemon [_thread_blocked, id=3092, stack(0x00000060cb200000,0x00000060cb300000)]
  0x0000019b289b4990 JavaThread "Sweeper thread" daemon [_thread_blocked, id=5480, stack(0x00000060cb300000,0x00000060cb400000)]
  0x0000019b2ccc1f40 JavaThread "Notification Thread" daemon [_thread_blocked, id=8884, stack(0x00000060cb400000,0x00000060cb500000)]
  0x0000019b2cccab10 JavaThread "Common-Cleaner" daemon [_thread_blocked, id=6044, stack(0x00000060cb600000,0x00000060cb700000)]

Other Threads:
  0x0000019b0b0d4170 VMThread "VM Thread" [stack: 0x00000060caa00000,0x00000060cab00000] [id=19168]
  0x0000019b2ccc7a60 WatcherThread "VM Periodic Task Thread" [stack: 0x00000060cb500000,0x00000060cb600000] [id=18536]
  0x0000019b0b0b7510 WorkerThread "GC Thread#0" [stack: 0x00000060ca500000,0x00000060ca600000] [id=19408]
  0x0000019b2d2e8ae0 WorkerThread "GC Thread#1" [stack: 0x00000060cb700000,0x00000060cb800000] [id=10364]
  0x0000019b2d3ad650 WorkerThread "GC Thread#2" [stack: 0x00000060cb800000,0x00000060cb900000] [id=9696]
  0x0000019b2d452b40 WorkerThread "GC Thread#3" [stack: 0x00000060cb900000,0x00000060cba00000] [id=19332]
  0x0000019b0b0c8090 ConcurrentGCThread "G1 Main Marker" [stack: 0x00000060ca600000,0x00000060ca700000] [id=11588]
  0x0000019b0b0c9130 WorkerThread "G1 Conc#0" [stack: 0x00000060ca700000,0x00000060ca800000] [id=15428]
  0x0000019b0b107f70 ConcurrentGCThread "G1 Refine#0" [stack: 0x00000060ca800000,0x00000060ca900000] [id=18756]
  0x0000019b2d371a30 ConcurrentGCThread "G1 Refine#1" [stack: 0x00000060cba00000,0x00000060cbb00000] [id=2652]
  0x0000019b0b108790 ConcurrentGCThread "G1 Service" [stack: 0x00000060ca900000,0x00000060caa00000] [id=14652]

Threads with active compile tasks:
C2 CompilerThread0      873  885       4       java.util.HashMap::putVal (300 bytes)

VM state: not at safepoint (normal execution)

VM Mutex/Monitor currently owned by a thread: None

Heap address: 0x0000000081600000, size: 2026 MB, Compressed Oops mode: 32-bit

CDS archive(s) mapped at: [0x0000000800000000-0x0000000800ba0000-0x0000000800ba0000), size 12189696, SharedBaseAddress: 0x0000000800000000, ArchiveRelocationMode: 0.
Compressed class space mapped at: 0x0000000800c00000-0x0000000840c00000, reserved size: 1073741824
Narrow klass base: 0x0000000800000000, Narrow klass shift: 0, Narrow klass range: 0x100000000

GC Precious Log:
 CardTable entry size: 512
 Card Set container configuration: InlinePtr #cards 5 size 8 Array Of Cards #cards 12 size 40 Howl #buckets 4 coarsen threshold 1843 Howl Bitmap #cards 512 size 80 coarsen threshold 460 Card regions per heap region 1 cards per card region 2048
 CPUs: 4 total, 4 available
 Memory: 8099M
 Large Page Support: Disabled
 NUMA Support: Disabled
 Compressed Oops: Enabled (32-bit)
 Heap Region Size: 1M
 Heap Min Capacity: 8M
 Heap Initial Capacity: 128M
 Heap Max Capacity: 2026M
 Pre-touch: Disabled
 Parallel Workers: 4
 Concurrent Workers: 1
 Concurrent Refinement Workers: 4
 Periodic GC: Disabled

Heap:
 garbage-first heap   total 131072K, used 11228K [0x0000000081600000, 0x0000000100000000)
  region size 1024K, 8 young (8192K), 2 survivors (2048K)
 Metaspace       used 4194K, committed 4352K, reserved 1114112K
  class space    used 449K, committed 512K, reserved 1048576K

Heap Regions: E=young(eden), S=young(survivor), O=old, HS=humongous(starts), HC=humongous(continues), CS=collection set, F=free, OA=open archive, CA=closed archive, TAMS=top-at-mark-start (previous, next)
|   0|0x0000000081600000, 0x0000000081700000, 0x0000000081700000|100%|HS|  |TAMS 0x0000000081600000, 0x0000000081600000| Complete 
|   1|0x0000000081700000, 0x0000000081800000, 0x0000000081800000|100%| O|  |TAMS 0x0000000081700000, 0x0000000081700000| Untracked 
|   2|0x0000000081800000, 0x0000000081900000, 0x0000000081900000|100%| O|  |TAMS 0x0000000081800000, 0x0000000081800000| Untracked 
|   3|0x0000000081900000, 0x0000000081a00000, 0x0000000081a00000|100%| O|  |TAMS 0x0000000081900000, 0x0000000081900000| Untracked 
|   4|0x0000000081a00000, 0x0000000081af7200, 0x0000000081b00000| 96%| O|  |TAMS 0x0000000081a00000, 0x0000000081a00000| Untracked 
|   5|0x0000000081b00000, 0x0000000081b00000, 0x0000000081c00000|  0%| F|  |TAMS 0x0000000081b00000, 0x0000000081b00000| Untracked 
|   6|0x0000000081c00000, 0x0000000081c00000, 0x0000000081d00000|  0%| F|  |TAMS 0x0000000081c00000, 0x0000000081c00000| Untracked 
|   7|0x0000000081d00000, 0x0000000081d00000, 0x0000000081e00000|  0%| F|  |TAMS 0x0000000081d00000, 0x0000000081d00000| Untracked 
|   8|0x0000000081e00000, 0x0000000081e00000, 0x0000000081f00000|  0%| F|  |TAMS 0x0000000081e00000, 0x0000000081e00000| Untracked 
|   9|0x0000000081f00000, 0x0000000081f00000, 0x0000000082000000|  0%| F|  |TAMS 0x0000000081f00000, 0x0000000081f00000| Untracked 
|  10|0x0000000082000000, 0x0000000082000000, 0x0000000082100000|  0%| F|  |TAMS 0x0000000082000000, 0x0000000082000000| Untracked 
|  11|0x0000000082100000, 0x0000000082100000, 0x0000000082200000|  0%| F|  |TAMS 0x0000000082100000, 0x0000000082100000| Untracked 
|  12|0x0000000082200000, 0x0000000082200000, 0x0000000082300000|  0%| F|  |TAMS 0x0000000082200000, 0x0000000082200000| Untracked 
|  13|0x0000000082300000, 0x0000000082300000, 0x0000000082400000|  0%| F|  |TAMS 0x0000000082300000, 0x0000000082300000| Untracked 
|  14|0x0000000082400000, 0x0000000082400000, 0x0000000082500000|  0%| F|  |TAMS 0x0000000082400000, 0x0000000082400000| Untracked 
|  15|0x0000000082500000, 0x0000000082500000, 0x0000000082600000|  0%| F|  |TAMS 0x0000000082500000, 0x0000000082500000| Untracked 
|  16|0x0000000082600000, 0x0000000082600000, 0x0000000082700000|  0%| F|  |TAMS 0x0000000082600000, 0x0000000082600000| Untracked 
|  17|0x0000000082700000, 0x0000000082700000, 0x0000000082800000|  0%| F|  |TAMS 0x0000000082700000, 0x0000000082700000| Untracked 
|  18|0x0000000082800000, 0x0000000082800000, 0x0000000082900000|  0%| F|  |TAMS 0x0000000082800000, 0x0000000082800000| Untracked 
|  19|0x0000000082900000, 0x0000000082900000, 0x0000000082a00000|  0%| F|  |TAMS 0x0000000082900000, 0x0000000082900000| Untracked 
|  20|0x0000000082a00000, 0x0000000082a00000, 0x0000000082b00000|  0%| F|  |TAMS 0x0000000082a00000, 0x0000000082a00000| Untracked 
|  21|0x0000000082b00000, 0x0000000082b00000, 0x0000000082c00000|  0%| F|  |TAMS 0x0000000082b00000, 0x0000000082b00000| Untracked 
|  22|0x0000000082c00000, 0x0000000082c00000, 0x0000000082d00000|  0%| F|  |TAMS 0x0000000082c00000, 0x0000000082c00000| Untracked 
|  23|0x0000000082d00000, 0x0000000082d00000, 0x0000000082e00000|  0%| F|  |TAMS 0x0000000082d00000, 0x0000000082d00000| Untracked 
|  24|0x0000000082e00000, 0x0000000082e00000, 0x0000000082f00000|  0%| F|  |TAMS 0x0000000082e00000, 0x0000000082e00000| Untracked 
|  25|0x0000000082f00000, 0x0000000082f00000, 0x0000000083000000|  0%| F|  |TAMS 0x0000000082f00000, 0x0000000082f00000| Untracked 
|  26|0x0000000083000000, 0x0000000083000000, 0x0000000083100000|  0%| F|  |TAMS 0x0000000083000000, 0x0000000083000000| Untracked 
|  27|0x0000000083100000, 0x0000000083100000, 0x0000000083200000|  0%| F|  |TAMS 0x0000000083100000, 0x0000000083100000| Untracked 
|  28|0x0000000083200000, 0x0000000083200000, 0x0000000083300000|  0%| F|  |TAMS 0x0000000083200000, 0x0000000083200000| Untracked 
|  29|0x0000000083300000, 0x0000000083300000, 0x0000000083400000|  0%| F|  |TAMS 0x0000000083300000, 0x0000000083300000| Untracked 
|  30|0x0000000083400000, 0x0000000083400000, 0x0000000083500000|  0%| F|  |TAMS 0x0000000083400000, 0x0000000083400000| Untracked 
|  31|0x0000000083500000, 0x0000000083500000, 0x0000000083600000|  0%| F|  |TAMS 0x0000000083500000, 0x0000000083500000| Untracked 
|  32|0x0000000083600000, 0x0000000083600000, 0x0000000083700000|  0%| F|  |TAMS 0x0000000083600000, 0x0000000083600000| Untracked 
|  33|0x0000000083700000, 0x0000000083700000, 0x0000000083800000|  0%| F|  |TAMS 0x0000000083700000, 0x0000000083700000| Untracked 
|  34|0x0000000083800000, 0x0000000083800000, 0x0000000083900000|  0%| F|  |TAMS 0x0000000083800000, 0x0000000083800000| Untracked 
|  35|0x0000000083900000, 0x0000000083900000, 0x0000000083a00000|  0%| F|  |TAMS 0x0000000083900000, 0x0000000083900000| Untracked 
|  36|0x0000000083a00000, 0x0000000083a00000, 0x0000000083b00000|  0%| F|  |TAMS 0x0000000083a00000, 0x0000000083a00000| Untracked 
|  37|0x0000000083b00000, 0x0000000083b00000, 0x0000000083c00000|  0%| F|  |TAMS 0x0000000083b00000, 0x0000000083b00000| Untracked 
|  38|0x0000000083c00000, 0x0000000083c00000, 0x0000000083d00000|  0%| F|  |TAMS 0x0000000083c00000, 0x0000000083c00000| Untracked 
|  39|0x0000000083d00000, 0x0000000083d00000, 0x0000000083e00000|  0%| F|  |TAMS 0x0000000083d00000, 0x0000000083d00000| Untracked 
|  40|0x0000000083e00000, 0x0000000083e00000, 0x0000000083f00000|  0%| F|  |TAMS 0x0000000083e00000, 0x0000000083e00000| Untracked 
|  41|0x0000000083f00000, 0x0000000083f00000, 0x0000000084000000|  0%| F|  |TAMS 0x0000000083f00000, 0x0000000083f00000| Untracked 
|  42|0x0000000084000000, 0x0000000084000000, 0x0000000084100000|  0%| F|  |TAMS 0x0000000084000000, 0x0000000084000000| Untracked 
|  43|0x0000000084100000, 0x0000000084100000, 0x0000000084200000|  0%| F|  |TAMS 0x0000000084100000, 0x0000000084100000| Untracked 
|  44|0x0000000084200000, 0x0000000084200000, 0x0000000084300000|  0%| F|  |TAMS 0x0000000084200000, 0x0000000084200000| Untracked 
|  45|0x0000000084300000, 0x0000000084300000, 0x0000000084400000|  0%| F|  |TAMS 0x0000000084300000, 0x0000000084300000| Untracked 
|  46|0x0000000084400000, 0x0000000084400000, 0x0000000084500000|  0%| F|  |TAMS 0x0000000084400000, 0x0000000084400000| Untracked 
|  47|0x0000000084500000, 0x0000000084500000, 0x0000000084600000|  0%| F|  |TAMS 0x0000000084500000, 0x0000000084500000| Untracked 
|  48|0x0000000084600000, 0x0000000084600000, 0x0000000084700000|  0%| F|  |TAMS 0x0000000084600000, 0x0000000084600000| Untracked 
|  49|0x0000000084700000, 0x0000000084700000, 0x0000000084800000|  0%| F|  |TAMS 0x0000000084700000, 0x0000000084700000| Untracked 
|  50|0x0000000084800000, 0x0000000084800000, 0x0000000084900000|  0%| F|  |TAMS 0x0000000084800000, 0x0000000084800000| Untracked 
|  51|0x0000000084900000, 0x0000000084900000, 0x0000000084a00000|  0%| F|  |TAMS 0x0000000084900000, 0x0000000084900000| Untracked 
|  52|0x0000000084a00000, 0x0000000084a00000, 0x0000000084b00000|  0%| F|  |TAMS 0x0000000084a00000, 0x0000000084a00000| Untracked 
|  53|0x0000000084b00000, 0x0000000084b00000, 0x0000000084c00000|  0%| F|  |TAMS 0x0000000084b00000, 0x0000000084b00000| Untracked 
|  54|0x0000000084c00000, 0x0000000084c00000, 0x0000000084d00000|  0%| F|  |TAMS 0x0000000084c00000, 0x0000000084c00000| Untracked 
|  55|0x0000000084d00000, 0x0000000084d00000, 0x0000000084e00000|  0%| F|  |TAMS 0x0000000084d00000, 0x0000000084d00000| Untracked 
|  56|0x0000000084e00000, 0x0000000084e00000, 0x0000000084f00000|  0%| F|  |TAMS 0x0000000084e00000, 0x0000000084e00000| Untracked 
|  57|0x0000000084f00000, 0x0000000084f00000, 0x0000000085000000|  0%| F|  |TAMS 0x0000000084f00000, 0x0000000084f00000| Untracked 
|  58|0x0000000085000000, 0x0000000085000000, 0x0000000085100000|  0%| F|  |TAMS 0x0000000085000000, 0x0000000085000000| Untracked 
|  59|0x0000000085100000, 0x0000000085100000, 0x0000000085200000|  0%| F|  |TAMS 0x0000000085100000, 0x0000000085100000| Untracked 
|  60|0x0000000085200000, 0x0000000085200000, 0x0000000085300000|  0%| F|  |TAMS 0x0000000085200000, 0x0000000085200000| Untracked 
|  61|0x0000000085300000, 0x0000000085300000, 0x0000000085400000|  0%| F|  |TAMS 0x0000000085300000, 0x0000000085300000| Untracked 
|  62|0x0000000085400000, 0x0000000085400000, 0x0000000085500000|  0%| F|  |TAMS 0x0000000085400000, 0x0000000085400000| Untracked 
|  63|0x0000000085500000, 0x0000000085500000, 0x0000000085600000|  0%| F|  |TAMS 0x0000000085500000, 0x0000000085500000| Untracked 
|  64|0x0000000085600000, 0x0000000085600000, 0x0000000085700000|  0%| F|  |TAMS 0x0000000085600000, 0x0000000085600000| Untracked 
|  65|0x0000000085700000, 0x0000000085700000, 0x0000000085800000|  0%| F|  |TAMS 0x0000000085700000, 0x0000000085700000| Untracked 
|  66|0x0000000085800000, 0x0000000085800000, 0x0000000085900000|  0%| F|  |TAMS 0x0000000085800000, 0x0000000085800000| Untracked 
|  67|0x0000000085900000, 0x0000000085900000, 0x0000000085a00000|  0%| F|  |TAMS 0x0000000085900000, 0x0000000085900000| Untracked 
|  68|0x0000000085a00000, 0x0000000085a00000, 0x0000000085b00000|  0%| F|  |TAMS 0x0000000085a00000, 0x0000000085a00000| Untracked 
|  69|0x0000000085b00000, 0x0000000085b00000, 0x0000000085c00000|  0%| F|  |TAMS 0x0000000085b00000, 0x0000000085b00000| Untracked 
|  70|0x0000000085c00000, 0x0000000085c00000, 0x0000000085d00000|  0%| F|  |TAMS 0x0000000085c00000, 0x0000000085c00000| Untracked 
|  71|0x0000000085d00000, 0x0000000085d00000, 0x0000000085e00000|  0%| F|  |TAMS 0x0000000085d00000, 0x0000000085d00000| Untracked 
|  72|0x0000000085e00000, 0x0000000085e00000, 0x0000000085f00000|  0%| F|  |TAMS 0x0000000085e00000, 0x0000000085e00000| Untracked 
|  73|0x0000000085f00000, 0x0000000085f00000, 0x0000000086000000|  0%| F|  |TAMS 0x0000000085f00000, 0x0000000085f00000| Untracked 
|  74|0x0000000086000000, 0x0000000086000000, 0x0000000086100000|  0%| F|  |TAMS 0x0000000086000000, 0x0000000086000000| Untracked 
|  75|0x0000000086100000, 0x0000000086100000, 0x0000000086200000|  0%| F|  |TAMS 0x0000000086100000, 0x0000000086100000| Untracked 
|  76|0x0000000086200000, 0x0000000086200000, 0x0000000086300000|  0%| F|  |TAMS 0x0000000086200000, 0x0000000086200000| Untracked 
|  77|0x0000000086300000, 0x0000000086300000, 0x0000000086400000|  0%| F|  |TAMS 0x0000000086300000, 0x0000000086300000| Untracked 
|  78|0x0000000086400000, 0x0000000086400000, 0x0000000086500000|  0%| F|  |TAMS 0x0000000086400000, 0x0000000086400000| Untracked 
|  79|0x0000000086500000, 0x0000000086500000, 0x0000000086600000|  0%| F|  |TAMS 0x0000000086500000, 0x0000000086500000| Untracked 
|  80|0x0000000086600000, 0x0000000086600000, 0x0000000086700000|  0%| F|  |TAMS 0x0000000086600000, 0x0000000086600000| Untracked 
|  81|0x0000000086700000, 0x0000000086700000, 0x0000000086800000|  0%| F|  |TAMS 0x0000000086700000, 0x0000000086700000| Untracked 
|  82|0x0000000086800000, 0x0000000086800000, 0x0000000086900000|  0%| F|  |TAMS 0x0000000086800000, 0x0000000086800000| Untracked 
|  83|0x0000000086900000, 0x0000000086900000, 0x0000000086a00000|  0%| F|  |TAMS 0x0000000086900000, 0x0000000086900000| Untracked 
|  84|0x0000000086a00000, 0x0000000086a00000, 0x0000000086b00000|  0%| F|  |TAMS 0x0000000086a00000, 0x0000000086a00000| Untracked 
|  85|0x0000000086b00000, 0x0000000086b00000, 0x0000000086c00000|  0%| F|  |TAMS 0x0000000086b00000, 0x0000000086b00000| Untracked 
|  86|0x0000000086c00000, 0x0000000086c00000, 0x0000000086d00000|  0%| F|  |TAMS 0x0000000086c00000, 0x0000000086c00000| Untracked 
|  87|0x0000000086d00000, 0x0000000086d00000, 0x0000000086e00000|  0%| F|  |TAMS 0x0000000086d00000, 0x0000000086d00000| Untracked 
|  88|0x0000000086e00000, 0x0000000086e00000, 0x0000000086f00000|  0%| F|  |TAMS 0x0000000086e00000, 0x0000000086e00000| Untracked 
|  89|0x0000000086f00000, 0x0000000086f00000, 0x0000000087000000|  0%| F|  |TAMS 0x0000000086f00000, 0x0000000086f00000| Untracked 
|  90|0x0000000087000000, 0x0000000087000000, 0x0000000087100000|  0%| F|  |TAMS 0x0000000087000000, 0x0000000087000000| Untracked 
|  91|0x0000000087100000, 0x0000000087100000, 0x0000000087200000|  0%| F|  |TAMS 0x0000000087100000, 0x0000000087100000| Untracked 
|  92|0x0000000087200000, 0x0000000087200000, 0x0000000087300000|  0%| F|  |TAMS 0x0000000087200000, 0x0000000087200000| Untracked 
|  93|0x0000000087300000, 0x0000000087300000, 0x0000000087400000|  0%| F|  |TAMS 0x0000000087300000, 0x0000000087300000| Untracked 
|  94|0x0000000087400000, 0x0000000087400000, 0x0000000087500000|  0%| F|  |TAMS 0x0000000087400000, 0x0000000087400000| Untracked 
|  95|0x0000000087500000, 0x0000000087500000, 0x0000000087600000|  0%| F|  |TAMS 0x0000000087500000, 0x0000000087500000| Untracked 
|  96|0x0000000087600000, 0x0000000087600000, 0x0000000087700000|  0%| F|  |TAMS 0x0000000087600000, 0x0000000087600000| Untracked 
|  97|0x0000000087700000, 0x0000000087700000, 0x0000000087800000|  0%| F|  |TAMS 0x0000000087700000, 0x0000000087700000| Untracked 
|  98|0x0000000087800000, 0x0000000087800000, 0x0000000087900000|  0%| F|  |TAMS 0x0000000087800000, 0x0000000087800000| Untracked 
|  99|0x0000000087900000, 0x0000000087900000, 0x0000000087a00000|  0%| F|  |TAMS 0x0000000087900000, 0x0000000087900000| Untracked 
| 100|0x0000000087a00000, 0x0000000087a00000, 0x0000000087b00000|  0%| F|  |TAMS 0x0000000087a00000, 0x0000000087a00000| Untracked 
| 101|0x0000000087b00000, 0x0000000087b00000, 0x0000000087c00000|  0%| F|  |TAMS 0x0000000087b00000, 0x0000000087b00000| Untracked 
| 102|0x0000000087c00000, 0x0000000087c00000, 0x0000000087d00000|  0%| F|  |TAMS 0x0000000087c00000, 0x0000000087c00000| Untracked 
| 103|0x0000000087d00000, 0x0000000087d00000, 0x0000000087e00000|  0%| F|  |TAMS 0x0000000087d00000, 0x0000000087d00000| Untracked 
| 104|0x0000000087e00000, 0x0000000087e00000, 0x0000000087f00000|  0%| F|  |TAMS 0x0000000087e00000, 0x0000000087e00000| Untracked 
| 105|0x0000000087f00000, 0x0000000087f00000, 0x0000000088000000|  0%| F|  |TAMS 0x0000000087f00000, 0x0000000087f00000| Untracked 
| 106|0x0000000088000000, 0x0000000088000000, 0x0000000088100000|  0%| F|  |TAMS 0x0000000088000000, 0x0000000088000000| Untracked 
| 107|0x0000000088100000, 0x0000000088100000, 0x0000000088200000|  0%| F|  |TAMS 0x0000000088100000, 0x0000000088100000| Untracked 
| 108|0x0000000088200000, 0x0000000088200000, 0x0000000088300000|  0%| F|  |TAMS 0x0000000088200000, 0x0000000088200000| Untracked 
| 109|0x0000000088300000, 0x0000000088300000, 0x0000000088400000|  0%| F|  |TAMS 0x0000000088300000, 0x0000000088300000| Untracked 
| 110|0x0000000088400000, 0x0000000088400000, 0x0000000088500000|  0%| F|  |TAMS 0x0000000088400000, 0x0000000088400000| Untracked 
| 111|0x0000000088500000, 0x0000000088500000, 0x0000000088600000|  0%| F|  |TAMS 0x0000000088500000, 0x0000000088500000| Untracked 
| 112|0x0000000088600000, 0x0000000088600000, 0x0000000088700000|  0%| F|  |TAMS 0x0000000088600000, 0x0000000088600000| Untracked 
| 113|0x0000000088700000, 0x0000000088800000, 0x0000000088800000|100%| S|CS|TAMS 0x0000000088700000, 0x0000000088700000| Complete 
| 114|0x0000000088800000, 0x0000000088900000, 0x0000000088900000|100%| S|CS|TAMS 0x0000000088800000, 0x0000000088800000| Complete 
| 115|0x0000000088900000, 0x0000000088900000, 0x0000000088a00000|  0%| F|  |TAMS 0x0000000088900000, 0x0000000088900000| Untracked 
| 116|0x0000000088a00000, 0x0000000088a00000, 0x0000000088b00000|  0%| F|  |TAMS 0x0000000088a00000, 0x0000000088a00000| Untracked 
| 117|0x0000000088b00000, 0x0000000088b00000, 0x0000000088c00000|  0%| F|  |TAMS 0x0000000088b00000, 0x0000000088b00000| Untracked 
| 118|0x0000000088c00000, 0x0000000088c00000, 0x0000000088d00000|  0%| F|  |TAMS 0x0000000088c00000, 0x0000000088c00000| Untracked 
| 119|0x0000000088d00000, 0x0000000088d00000, 0x0000000088e00000|  0%| F|  |TAMS 0x0000000088d00000, 0x0000000088d00000| Untracked 
| 120|0x0000000088e00000, 0x0000000088e00000, 0x0000000088f00000|  0%| F|  |TAMS 0x0000000088e00000, 0x0000000088e00000| Untracked 
| 121|0x0000000088f00000, 0x0000000088f00000, 0x0000000089000000|  0%| F|  |TAMS 0x0000000088f00000, 0x0000000088f00000| Untracked 
| 122|0x0000000089000000, 0x000000008903f530, 0x0000000089100000| 24%| E|  |TAMS 0x0000000089000000, 0x0000000089000000| Complete 
| 123|0x0000000089100000, 0x0000000089200000, 0x0000000089200000|100%| E|  |TAMS 0x0000000089100000, 0x0000000089100000| Complete 
| 124|0x0000000089200000, 0x0000000089300000, 0x0000000089300000|100%| E|CS|TAMS 0x0000000089200000, 0x0000000089200000| Complete 
| 125|0x0000000089300000, 0x0000000089400000, 0x0000000089400000|100%| E|CS|TAMS 0x0000000089300000, 0x0000000089300000| Complete 
| 126|0x0000000089400000, 0x0000000089500000, 0x0000000089500000|100%| E|CS|TAMS 0x0000000089400000, 0x0000000089400000| Complete 
| 127|0x0000000089500000, 0x0000000089600000, 0x0000000089600000|100%| E|CS|TAMS 0x0000000089500000, 0x0000000089500000| Complete 

Card table byte_map: [0x0000019b21d80000,0x0000019b22180000] _byte_map_base: 0x0000019b21975000

Marking Bits (Prev, Next): (CMBitMap*) 0x0000019b0b0b7a20, (CMBitMap*) 0x0000019b0b0b7a60
 Prev Bits: [0x0000019b22580000, 0x0000019b24528000)
 Next Bits: [0x0000019b24530000, 0x0000019b264d8000)

Polling page: 0x0000019b08fb0000

Metaspace:

Usage:
  Non-class:      3.66 MB used.
      Class:    449.45 KB used.
       Both:      4.10 MB used.

Virtual space:
  Non-class space:       64.00 MB reserved,       3.75 MB (  6%) committed,  1 nodes.
      Class space:        1.00 GB reserved,     512.00 KB ( <1%) committed,  1 nodes.
             Both:        1.06 GB reserved,       4.25 MB ( <1%) committed. 

Chunk freelists:
   Non-Class:  2.48 MB
       Class:  3.51 MB
        Both:  6.00 MB

MaxMetaspaceSize: unlimited
CompressedClassSpaceSize: 1.00 GB
Initial GC threshold: 21.00 MB
Current GC threshold: 21.00 MB
CDS: on
MetaspaceReclaimPolicy: balanced
 - commit_granule_bytes: 65536.
 - commit_granule_words: 8192.
 - virtual_space_node_default_size: 8388608.
 - enlarge_chunks_in_place: 1.
 - new_chunks_are_fully_committed: 0.
 - uncommit_free_chunks: 1.
 - use_allocation_guard: 0.


Internal statistics:

num_allocs_failed_limit: 0.
num_arena_births: 30.
num_arena_deaths: 0.
num_vsnodes_births: 2.
num_vsnodes_deaths: 0.
num_space_committed: 68.
num_space_uncommitted: 0.
num_chunks_returned_to_freelist: 0.
num_chunks_taken_from_freelist: 114.
num_chunk_merges: 0.
num_chunk_splits: 73.
num_chunks_enlarged: 56.
num_inconsistent_stats: 0.

CodeHeap 'non-profiled nmethods': size=120000Kb used=280Kb max_used=280Kb free=119719Kb
 bounds [0x0000019b1a450000, 0x0000019b1a6c0000, 0x0000019b21980000]
CodeHeap 'profiled nmethods': size=120000Kb used=1813Kb max_used=1813Kb free=118187Kb
 bounds [0x0000019b12f20000, 0x0000019b13190000, 0x0000019b1a450000]
CodeHeap 'non-nmethods': size=5760Kb used=1152Kb max_used=1179Kb free=4607Kb
 bounds [0x0000019b12980000, 0x0000019b12bf0000, 0x0000019b12f20000]
 total_blobs=1338 nmethods=908 adapters=343
 compilation: enabled
              stopped_count=0, restarted_count=0
 full_count=0

Compilation events (20 events):
Event: 0.823 Thread 0x0000019b289a08c0  876       3       java.util.jar.Attributes::put (18 bytes)
Event: 0.823 Thread 0x0000019b289a08c0 nmethod 876 0x0000019b130cc910 code [0x0000019b130ccac0, 0x0000019b130cce88]
Event: 0.823 Thread 0x0000019b289a08c0  877       1       sun.nio.fs.WindowsFileSystem::provider (5 bytes)
Event: 0.823 Thread 0x0000019b289a08c0 nmethod 877 0x0000019b1a494d10 code [0x0000019b1a494ea0, 0x0000019b1a494f78]
Event: 0.823 Thread 0x0000019b289a08c0  878       3       sun.nio.fs.NativeBuffers::getNativeBufferFromCache (51 bytes)
Event: 0.824 Thread 0x0000019b289a08c0 nmethod 878 0x0000019b130ccf90 code [0x0000019b130cd180, 0x0000019b130cd7c8]
Event: 0.824 Thread 0x0000019b289a08c0  880       3       sun.nio.fs.NativeBuffer::release (5 bytes)
Event: 0.824 Thread 0x0000019b289a08c0 nmethod 880 0x0000019b130cd990 code [0x0000019b130cdb20, 0x0000019b130cdc48]
Event: 0.824 Thread 0x0000019b289a08c0  879       1       sun.nio.fs.NativeBuffer::owner (5 bytes)
Event: 0.824 Thread 0x0000019b289a08c0 nmethod 879 0x0000019b1a495010 code [0x0000019b1a4951a0, 0x0000019b1a495278]
Event: 0.824 Thread 0x0000019b289a08c0  881   !   3       sun.nio.fs.WindowsFileAttributes::toFileTime (47 bytes)
Event: 0.824 Thread 0x0000019b289a08c0 nmethod 881 0x0000019b130cdd10 code [0x0000019b130cdf00, 0x0000019b130ce1a8]
Event: 0.824 Thread 0x0000019b289a08c0  882       3       java.lang.Math::addExact (32 bytes)
Event: 0.824 Thread 0x0000019b289a08c0 nmethod 882 0x0000019b130ce310 code [0x0000019b130ce4c0, 0x0000019b130ce6c8]
Event: 0.824 Thread 0x0000019b289a08c0  883       3       java.lang.Math::multiplyExact (74 bytes)
Event: 0.825 Thread 0x0000019b289a08c0 nmethod 883 0x0000019b130ce790 code [0x0000019b130ce960, 0x0000019b130cee88]
Event: 0.825 Thread 0x0000019b289a08c0  884       3       java.util.ArrayList::<init> (12 bytes)
Event: 0.825 Thread 0x0000019b289a08c0 nmethod 884 0x0000019b130cf010 code [0x0000019b130cf1c0, 0x0000019b130cf458]
Event: 0.828 Thread 0x0000019b2899cf30 nmethod 871 0x0000019b1a495310 code [0x0000019b1a4954a0, 0x0000019b1a495a48]
Event: 0.832 Thread 0x0000019b2899cf30  885       4       java.util.HashMap::putVal (300 bytes)

GC Heap History (2 events):
Event: 0.670 GC heap before
{Heap before GC invocations=0 (full 0):
 garbage-first heap   total 131072K, used 13312K [0x0000000081600000, 0x0000000100000000)
  region size 1024K, 13 young (13312K), 0 survivors (0K)
 Metaspace       used 3258K, committed 3328K, reserved 1114112K
  class space    used 338K, committed 384K, reserved 1048576K
}
Event: 0.678 GC heap after
{Heap after GC invocations=1 (full 0):
 garbage-first heap   total 131072K, used 7132K [0x0000000081600000, 0x0000000100000000)
  region size 1024K, 2 young (2048K), 2 survivors (2048K)
 Metaspace       used 3258K, committed 3328K, reserved 1114112K
  class space    used 338K, committed 384K, reserved 1048576K
}

Deoptimization events (20 events):
Event: 0.542 Thread 0x0000019b0b056780 DEOPT PACKING pc=0x0000019b1a45ba80 sp=0x00000060ca4fd440
Event: 0.542 Thread 0x0000019b0b056780 DEOPT UNPACKING pc=0x0000019b129d23a3 sp=0x00000060ca4fd3c0 mode 2
Event: 0.542 Thread 0x0000019b0b056780 Uncommon trap: trap_request=0xffffff45 fr.pc=0x0000019b1a45c6dc relative=0x000000000000005c
Event: 0.542 Thread 0x0000019b0b056780 Uncommon trap: reason=unstable_if action=reinterpret pc=0x0000019b1a45c6dc method=java.lang.AbstractStringBuilder.isLatin1()Z @ 10 c2
Event: 0.542 Thread 0x0000019b0b056780 DEOPT PACKING pc=0x0000019b1a45c6dc sp=0x00000060ca4fd420
Event: 0.542 Thread 0x0000019b0b056780 DEOPT UNPACKING pc=0x0000019b129d23a3 sp=0x00000060ca4fd3b0 mode 2
Event: 0.547 Thread 0x0000019b0b056780 Uncommon trap: trap_request=0xffffff45 fr.pc=0x0000019b1a451c5c relative=0x000000000000005c
Event: 0.547 Thread 0x0000019b0b056780 Uncommon trap: reason=unstable_if action=reinterpret pc=0x0000019b1a451c5c method=java.lang.String.isLatin1()Z @ 10 c2
Event: 0.547 Thread 0x0000019b0b056780 DEOPT PACKING pc=0x0000019b1a451c5c sp=0x00000060ca4fd0b0
Event: 0.547 Thread 0x0000019b0b056780 DEOPT UNPACKING pc=0x0000019b129d23a3 sp=0x00000060ca4fd040 mode 2
Event: 0.556 Thread 0x0000019b0b056780 Uncommon trap: trap_request=0xffffff45 fr.pc=0x0000019b1a4554b8 relative=0x0000000000000038
Event: 0.556 Thread 0x0000019b0b056780 Uncommon trap: reason=unstable_if action=reinterpret pc=0x0000019b1a4554b8 method=java.lang.StringLatin1.canEncode(I)Z @ 4 c2
Event: 0.556 Thread 0x0000019b0b056780 DEOPT PACKING pc=0x0000019b1a4554b8 sp=0x00000060ca4fc9f0
Event: 0.556 Thread 0x0000019b0b056780 DEOPT UNPACKING pc=0x0000019b129d23a3 sp=0x00000060ca4fc980 mode 2
Event: 0.606 Thread 0x0000019b0b056780 DEOPT PACKING pc=0x0000019b12f2ea3e sp=0x00000060ca4fe4e0
Event: 0.606 Thread 0x0000019b0b056780 DEOPT UNPACKING pc=0x0000019b129d2b43 sp=0x00000060ca4fd958 mode 0
Event: 0.613 Thread 0x0000019b0b056780 DEOPT PACKING pc=0x0000019b12f7dd34 sp=0x00000060ca4febd0
Event: 0.613 Thread 0x0000019b0b056780 DEOPT UNPACKING pc=0x0000019b129d2b43 sp=0x00000060ca4fe040 mode 0
Event: 0.643 Thread 0x0000019b0b056780 DEOPT PACKING pc=0x0000019b12fa0a0e sp=0x00000060ca4fcd10
Event: 0.643 Thread 0x0000019b0b056780 DEOPT UNPACKING pc=0x0000019b129d2b43 sp=0x00000060ca4fc1d0 mode 0

Classes loaded (20 events):
Event: 0.802 Loading class java/util/stream/Nodes$EmptyNode$OfInt
Event: 0.802 Loading class java/util/stream/Node$OfInt
Event: 0.802 Loading class java/util/stream/Node$OfPrimitive
Event: 0.802 Loading class java/util/stream/Node$OfPrimitive done
Event: 0.803 Loading class java/util/stream/Node$OfInt done
Event: 0.803 Loading class java/util/stream/Nodes$EmptyNode$OfInt done
Event: 0.803 Loading class java/util/stream/Nodes$EmptyNode$OfLong
Event: 0.803 Loading class java/util/stream/Node$OfLong
Event: 0.803 Loading class java/util/stream/Node$OfLong done
Event: 0.803 Loading class java/util/stream/Nodes$EmptyNode$OfLong done
Event: 0.803 Loading class java/util/stream/Nodes$EmptyNode$OfDouble
Event: 0.803 Loading class java/util/stream/Node$OfDouble
Event: 0.803 Loading class java/util/stream/Node$OfDouble done
Event: 0.803 Loading class java/util/stream/Nodes$EmptyNode$OfDouble done
Event: 0.803 Loading class java/util/stream/Nodes$FixedNodeBuilder
Event: 0.803 Loading class java/util/stream/Node$Builder
Event: 0.803 Loading class java/util/stream/Node$Builder done
Event: 0.803 Loading class java/util/stream/Nodes$ArrayNode
Event: 0.804 Loading class java/util/stream/Nodes$ArrayNode done
Event: 0.804 Loading class java/util/stream/Nodes$FixedNodeBuilder done

Classes unloaded (0 events):
No events

Classes redefined (0 events):
No events

Internal exceptions (7 events):
Event: 0.336 Thread 0x0000019b0b056780 Exception <a 'java/lang/NoSuchMethodError'{0x0000000088d23000}: 'java.lang.Object java.lang.invoke.DirectMethodHandle$Holder.invokeStaticInit(java.lang.Object)'> (0x0000000088d23000) 
thrown [s\open\src\hotspot\share\interpreter\linkResolver.cpp, line 759]
Event: 0.434 Thread 0x0000019b0b056780 Exception <a 'java/lang/ClassNotFoundException'{0x0000000088c26b90}: javax/smartcardio/CardPermission> (0x0000000088c26b90) 
thrown [s\open\src\hotspot\share\classfile\systemDictionary.cpp, line 255]
Event: 0.450 Thread 0x0000019b0b056780 Exception <a 'java/io/FileNotFoundException'{0x0000000088c34c48}> (0x0000000088c34c48) 
thrown [s\open\src\hotspot\share\prims\jni.cpp, line 516]
Event: 0.625 Thread 0x0000019b0b056780 Exception <a 'java/lang/NoSuchMethodError'{0x0000000088943268}: 'int java.lang.invoke.DirectMethodHandle$Holder.invokeStaticInit(java.lang.Object, java.lang.Object)'> (0x0000000088943268) 
thrown [s\open\src\hotspot\share\interpreter\linkResolver.cpp, line 759]
Event: 0.650 Thread 0x0000019b0b056780 Exception <a 'java/lang/NoSuchMethodError'{0x00000000889bfc70}: 'java.lang.Object java.lang.invoke.DirectMethodHandle$Holder.invokeInterface(java.lang.Object, java.lang.Object)'> (0x00000000889bfc70) 
thrown [s\open\src\hotspot\share\interpreter\linkResolver.cpp, line 759]
Event: 0.687 Thread 0x0000019b0b056780 Exception <a 'java/lang/NoSuchMethodError'{0x000000008951d738}: 'java.lang.Object java.lang.invoke.DirectMethodHandle$Holder.newInvokeSpecial(java.lang.Object, java.lang.Object, java.lang.Object, java.lang.Object, java.lang.Object)'> (0x000000008951d738) 
thrown [s\open\src\hotspot\share\interpreter\linkResolver.cpp, line 759]
Event: 0.787 Thread 0x0000019b0b056780 Exception <a 'java/lang/NoSuchMethodError'{0x00000000894e3990}: 'int java.lang.invoke.DirectMethodHandle$Holder.invokeSpecial(java.lang.Object, java.lang.Object, java.lang.Object)'> (0x00000000894e3990) 
thrown [s\open\src\hotspot\share\interpreter\linkResolver.cpp, line 759]

VM Operations (12 events):
Event: 0.177 Executing VM operation: HandshakeAllThreads
Event: 0.177 Executing VM operation: HandshakeAllThreads done
Event: 0.309 Executing VM operation: HandshakeAllThreads
Event: 0.309 Executing VM operation: HandshakeAllThreads done
Event: 0.314 Executing VM operation: HandshakeAllThreads
Event: 0.314 Executing VM operation: HandshakeAllThreads done
Event: 0.580 Executing VM operation: HandshakeAllThreads
Event: 0.580 Executing VM operation: HandshakeAllThreads done
Event: 0.670 Executing VM operation: G1CollectForAllocation
Event: 0.679 Executing VM operation: G1CollectForAllocation done
Event: 0.766 Executing VM operation: HandshakeAllThreads
Event: 0.766 Executing VM operation: HandshakeAllThreads done

Events (20 events):
Event: 0.022 Loaded shared library C:\Java\bin\jsvml.dll
Event: 0.022 Thread 0x0000019b0b056780 Thread added: 0x0000019b0b056780
Event: 0.024 Thread 0x0000019b28950320 Thread added: 0x0000019b28950320
Event: 0.025 Thread 0x0000019b28951630 Thread added: 0x0000019b28951630
Event: 0.052 Thread 0x0000019b28975990 Thread added: 0x0000019b28975990
Event: 0.052 Thread 0x0000019b28996250 Thread added: 0x0000019b28996250
Event: 0.052 Thread 0x0000019b289972a0 Thread added: 0x0000019b289972a0
Event: 0.052 Thread 0x0000019b28998430 Thread added: 0x0000019b28998430
Event: 0.052 Thread 0x0000019b2899cf30 Thread added: 0x0000019b2899cf30
Event: 0.053 Thread 0x0000019b289a08c0 Thread added: 0x0000019b289a08c0
Event: 0.053 Thread 0x0000019b289b4990 Thread added: 0x0000019b289b4990
Event: 0.156 Thread 0x0000019b2ccc1f40 Thread added: 0x0000019b2ccc1f40
Event: 0.162 Thread 0x0000019b2cccab10 Thread added: 0x0000019b2cccab10
Event: 0.166 Loaded shared library C:\Java\bin\net.dll
Event: 0.168 Loaded shared library C:\Java\bin\nio.dll
Event: 0.170 Loaded shared library C:\Java\bin\zip.dll
Event: 0.257 Loaded shared library C:\Java\bin\jimage.dll
Event: 0.354 Loaded shared library C:\Java\bin\verify.dll
Event: 0.772 Loaded shared library C:\Java\bin\management.dll
Event: 0.774 Loaded shared library C:\Java\bin\management_ext.dll


Dynamic libraries:
0x00007ff79c320000 - 0x00007ff79c330000 	C:\Java\bin\java.exe
0x00007ffbb4d30000 - 0x00007ffbb4f28000 	C:\WINDOWS\SYSTEM32\ntdll.dll
0x00007ffbb3620000 - 0x00007ffbb36df000 	C:\WINDOWS\System32\KERNEL32.DLL
0x00007ffbb2470000 - 0x00007ffbb2742000 	C:\WINDOWS\System32\KERNELBASE.dll
0x00007ffbb29d0000 - 0x00007ffbb2ad0000 	C:\WINDOWS\System32\ucrtbase.dll
0x00007ffbac930000 - 0x00007ffbac94a000 	C:\Java\bin\VCRUNTIME140.dll
0x00007ffbac950000 - 0x00007ffbac968000 	C:\Java\bin\jli.dll
0x00007ffbb3980000 - 0x00007ffbb3a2e000 	C:\WINDOWS\System32\ADVAPI32.dll
0x00007ffbb38c0000 - 0x00007ffbb395e000 	C:\WINDOWS\System32\msvcrt.dll
0x00007ffbb31e0000 - 0x00007ffbb327c000 	C:\WINDOWS\System32\sechost.dll
0x00007ffbb44a0000 - 0x00007ffbb45c5000 	C:\WINDOWS\System32\RPCRT4.dll
0x00007ffbb45d0000 - 0x00007ffbb4771000 	C:\WINDOWS\System32\USER32.dll
0x00007ffbb2750000 - 0x00007ffbb2772000 	C:\WINDOWS\System32\win32u.dll
0x00007ffbb35f0000 - 0x00007ffbb361b000 	C:\WINDOWS\System32\GDI32.dll
0x00007ffb9fd70000 - 0x00007ffba000a000 	C:\WINDOWS\WinSxS\amd64_microsoft.windows.common-controls_6595b64144ccf1df_6.0.19041.1110_none_60b5254171f9507e\COMCTL32.dll
0x00007ffbb2890000 - 0x00007ffbb299f000 	C:\WINDOWS\System32\gdi32full.dll
0x00007ffbb27f0000 - 0x00007ffbb288d000 	C:\WINDOWS\System32\msvcp_win.dll
0x00007ffba9ee0000 - 0x00007ffba9eea000 	C:\WINDOWS\SYSTEM32\VERSION.dll
0x00007ffbb3aa0000 - 0x00007ffbb3ad2000 	C:\WINDOWS\System32\IMM32.DLL
0x00007ffbad0c0000 - 0x00007ffbad0cc000 	C:\Java\bin\vcruntime140_1.dll
0x00007ffb886f0000 - 0x00007ffb8877d000 	C:\Java\bin\msvcp140.dll
0x00007ffb71bc0000 - 0x00007ffb727d1000 	C:\Java\bin\server\jvm.dll
0x00007ffbb3970000 - 0x00007ffbb3978000 	C:\WINDOWS\System32\PSAPI.DLL
0x00007ffb614e0000 - 0x00007ffb614e9000 	C:\WINDOWS\SYSTEM32\WSOCK32.dll
0x00007ffbb3a30000 - 0x00007ffbb3a9b000 	C:\WINDOWS\System32\WS2_32.dll
0x00007ffb8a0a0000 - 0x00007ffb8a0c7000 	C:\WINDOWS\SYSTEM32\WINMM.dll
0x00007ffbb02c0000 - 0x00007ffbb02d2000 	C:\WINDOWS\SYSTEM32\kernel.appcore.dll
0x00007ffbad080000 - 0x00007ffbad08a000 	C:\Java\bin\jimage.dll
0x00007ffba9680000 - 0x00007ffba9864000 	C:\WINDOWS\SYSTEM32\DBGHELP.DLL
0x00007ffba9620000 - 0x00007ffba9655000 	C:\WINDOWS\SYSTEM32\dbgcore.DLL
0x00007ffbb2ce0000 - 0x00007ffbb2d62000 	C:\WINDOWS\System32\bcryptPrimitives.dll
0x00007ffbabfe0000 - 0x00007ffbac005000 	C:\Java\bin\java.dll
0x00007ffb84780000 - 0x00007ffb84856000 	C:\Java\bin\jsvml.dll
0x00007ffbb3d50000 - 0x00007ffbb4494000 	C:\WINDOWS\System32\SHELL32.dll
0x00007ffbb04c0000 - 0x00007ffbb0c52000 	C:\WINDOWS\SYSTEM32\windows.storage.dll
0x00007ffbb48a0000 - 0x00007ffbb4bf5000 	C:\WINDOWS\System32\combase.dll
0x00007ffbb1e80000 - 0x00007ffbb1eb0000 	C:\WINDOWS\SYSTEM32\Wldp.dll
0x00007ffbb36e0000 - 0x00007ffbb378d000 	C:\WINDOWS\System32\SHCORE.dll
0x00007ffbb3b90000 - 0x00007ffbb3be5000 	C:\WINDOWS\System32\shlwapi.dll
0x00007ffbb2360000 - 0x00007ffbb237f000 	C:\WINDOWS\SYSTEM32\profapi.dll
0x00007ffbabee0000 - 0x00007ffbabef3000 	C:\Java\bin\net.dll
0x00007ffba8cb0000 - 0x00007ffba8dbc000 	C:\WINDOWS\SYSTEM32\WINHTTP.dll
0x00007ffbb1be0000 - 0x00007ffbb1c4a000 	C:\WINDOWS\system32\mswsock.dll
0x00007ffba7de0000 - 0x00007ffba7df6000 	C:\Java\bin\nio.dll
0x00007ffba52a0000 - 0x00007ffba52b8000 	C:\Java\bin\zip.dll
0x00007ffbab850000 - 0x00007ffbab860000 	C:\Java\bin\verify.dll
0x00007ffbacef0000 - 0x00007ffbacef9000 	C:\Java\bin\management.dll
0x00007ffbacee0000 - 0x00007ffbaceeb000 	C:\Java\bin\management_ext.dll

dbghelp: loaded successfully - version: 4.0.5 - missing functions: none
symbol engine: initialized successfully - sym options: 0x614 - pdb path: .;C:\Java\bin;C:\WINDOWS\SYSTEM32;C:\WINDOWS\WinSxS\amd64_microsoft.windows.common-controls_6595b64144ccf1df_6.0.19041.1110_none_60b5254171f9507e;C:\Java\bin\server

VM Arguments:
java_command: com.bee.manager.ManagerApplication
java_class_path (initial): C:\Users\Administrator\Desktop\SpringBoot\springboot-manager\target\classes;C:\Users\Administrator\.m2\repository\org\springframework\boot\spring-boot-starter-web\2.1.0.RELEASE\spring-boot-starter-web-2.1.0.RELEASE.jar;C:\Users\Administrator\.m2\repository\org\springframework\boot\spring-boot-starter\2.1.0.RELEASE\spring-boot-starter-2.1.0.RELEASE.jar;C:\Users\Administrator\.m2\repository\org\springframework\boot\spring-boot-starter-logging\2.1.0.RELEASE\spring-boot-starter-logging-2.1.0.RELEASE.jar;C:\Users\Administrator\.m2\repository\ch\qos\logback\logback-classic\1.2.3\logback-classic-1.2.3.jar;C:\Users\Administrator\.m2\repository\ch\qos\logback\logback-core\1.2.3\logback-core-1.2.3.jar;C:\Users\Administrator\.m2\repository\org\apache\logging\log4j\log4j-to-slf4j\2.11.1\log4j-to-slf4j-2.11.1.jar;C:\Users\Administrator\.m2\repository\org\apache\logging\log4j\log4j-api\2.11.1\log4j-api-2.11.1.jar;C:\Users\Administrator\.m2\repository\org\slf4j\jul-to-slf4j\1.7.25\jul-to-slf4j-1.7.25.jar;C:\Users\Administrator\.m2\repository\javax\annotation\javax.annotation-api\1.3.2\javax.annotation-api-1.3.2.jar;C:\Users\Administrator\.m2\repository\org\yaml\snakeyaml\1.23\snakeyaml-1.23.jar;C:\Users\Administrator\.m2\repository\org\springframework\boot\spring-boot-starter-json\2.1.0.RELEASE\spring-boot-starter-json-2.1.0.RELEASE.jar;C:\Users\Administrator\.m2\repository\com\fasterxml\jackson\core\jackson-databind\2.9.7\jackson-databind-2.9.7.jar;C:\Users\Administrator\.m2\repository\com\fasterxml\jackson\core\jackson-annotations\2.9.0\jackson-annotations-2.9.0.jar;C:\Users\Administrator\.m2\repository\com\fasterxml\jackson\core\jackson-core\2.9.7\jackson-core-2.9.7.jar;C:\Users\Administrator\.m2\repository\com\fasterxml\jackson\datatype\jackson-datatype-jdk8\2.9.7\jackson-datatype-jdk8-2.9.7.jar;C:\Users\Administrator\.m2\repository\com\fasterxml\jackson\datatype\jackson-datatype-jsr310\2.9.7\jackson-datatype-jsr310-2.9.7.jar;C:\Users\Administrator\.m2\repository\com\fasterxml\jackson\module\jackson-module-parameter-names\2.9.7\jackson-module-parameter-names-2.9.7.jar;C:\Users\Administrator\.m2\repository\org\springframework\boot\spring-boot-starter-tomcat\2.1.0.RELEASE\spring-boot-starter-tomcat-2.1.0.RELEASE.jar;C:\Users\Administrator\.m2\repository\org\apache\tomcat\embed\tomcat-embed-core\9.0.12\tomcat-embed-core-9.0.12.jar;C:\Users\Administrator\.m2\repository\org\apache\tomcat\embed\tomcat-embed-el\9.0.12\tomcat-embed-el-9.0.12.jar;C:\Users\Administrator\.m2\repository\org\apache\tomcat\embed\tomcat-embed-websocket\9.0.12\tomcat-embed-websocket-9.0.12.jar;C:\Users\Administrator\.m2\repository\org\hibernate\validator\hibernate-validator\6.0.13.Final\hibernate-validator-6.0.13.Final.jar;C:\Users\Administrator\.m2\repository\javax\validation\validation-api\2.0.1.Final\validation-api-2.0.1.Final.jar;C:\Users\Administrator\.m2\repository\org\jboss\logging\jboss-logging\3.3.2.Final\jboss-logging-3.3.2.Final.jar;C:\Users\Administrator\.m2\repository\com\fasterxml\classmate\1.4.0\classmate-1.4.0.jar;C:\Users\Administrator\.m2\repository\org\springframework\spring-web\5.1.2.RELEASE\spring-web-5.1.2.RELEASE.jar;C:\Users\Administrator\.m2\repository\org\springframework\spring-beans\5.1.2.RELEASE\spring-beans-5.1.2.RELEASE.jar;C:\Users\Administrator\.m2\repository\org\springframework\spring-webmvc\5.1.2.RELEASE\spring-webmvc-5.1.2.RELEASE.jar;C:\Users\Administrator\.m2\repository\org\springframework\spring-aop\5.1.2.RELEASE\spring-aop-5.1.2.RELEASE.jar;C:\Users\Administrator\.m2\repository\org\springframework\spring-context\5.1.2.RELEASE\spring-context-5.1.2.RELEASE.jar;C:\Users\Administrator\.m2\repository\org\springframework\spring-expression\5.1.2.RELEASE\spring-expression-5.1.2.RELEASE.jar;C:\Users\Administrator\.m2\repository\org\springframework\spring-core\5.1.2.RELEASE\spring-core-5.1.2.RELEASE.jar;C:\Users\Administrator\.m2\repository\org\springframework\spring-jcl\5.1.2.RELEASE\spring-jcl-5.1.2.RELEASE.jar;C:\Users\Administrator\.m2\repository\org\springframework\boot\spring-boot-devtools\2.1.0.RELEASE\spring-boot-devtools-2.1.0.RELEASE.jar;C:\Users\Administrator\.m2\repository\org\springframework\boot\spring-boot\2.1.0.RELEASE\spring-boot-2.1.0.RELEASE.jar;C:\Users\Administrator\.m2\repository\org\springframework\boot\spring-boot-autoconfigure\2.1.0.RELEASE\spring-boot-autoconfigure-2.1.0.RELEASE.jar;C:\Users\Administrator\.m2\repository\org\springframework\boot\spring-boot-starter-thymeleaf\2.1.0.RELEASE\spring-boot-starter-thymeleaf-2.1.0.RELEASE.jar;C:\Users\Administrator\.m2\repository\org\thymeleaf\thymeleaf-spring5\3.0.11.RELEASE\thymeleaf-spring5-3.0.11.RELEASE.jar;C:\Users\Administrator\.m2\repository\org\thymeleaf\thymeleaf\3.0.11.RELEASE\thymeleaf-3.0.11.RELEASE.jar;C:\Users\Administrator\.m2\repository\org\attoparser\attoparser\2.0.5.RELEASE\attoparser-2.0.5.RELEASE.jar;C:\Users\Administrator\.m2\repository\org\unbescape\unbescape\1.1.6.RELEASE\unbescape-1.1.6.RELEASE.jar;C:\Users\Administrator\.m2\repository\org\thymeleaf\extras\thymeleaf-extras-java8time\3.0.1.RELEASE\thymeleaf-extras-java8time-3.0.1.RELEASE.jar;C:\Users\Administrator\.m2\repository\com\alibaba\druid-spring-boot-starter\1.2.15\druid-spring-boot-starter-1.2.15.jar;C:\Users\Administrator\.m2\repository\com\alibaba\druid\1.2.15\druid-1.2.15.jar;C:\Users\Administrator\.m2\repository\org\slf4j\slf4j-api\1.7.25\slf4j-api-1.7.25.jar;C:\Users\Administrator\.m2\repository\tk\mybatis\mapper-spring-boot-starter\4.2.2\mapper-spring-boot-starter-4.2.2.jar;C:\Users\Administrator\.m2\repository\org\springframework\boot\spring-boot-starter-jdbc\2.1.0.RELEASE\spring-boot-starter-jdbc-2.1.0.RELEASE.jar;C:\Users\Administrator\.m2\repository\com\zaxxer\HikariCP\3.2.0\HikariCP-3.2.0.jar;C:\Users\Administrator\.m2\repository\org\springframework\spring-jdbc\5.1.2.RELEASE\spring-jdbc-5.1.2.RELEASE.jar;C:\Users\Administrator\.m2\repository\org\springframework\spring-tx\5.1.2.RELEASE\spring-tx-5.1.2.RELEASE.jar;C:\Users\Administrator\.m2\repository\org\mybatis\mybatis\3.5.9\mybatis-3.5.9.jar;C:\Users\Administrator\.m2\repository\org\mybatis\mybatis-spring\2.0.7\mybatis-spring-2.0.7.jar;C:\Users\Administrator\.m2\repository\tk\mybatis\mapper-core\4.2.2\mapper-core-4.2.2.jar;C:\Users\Administrator\.m2\repository\javax\persistence\javax.persistence-api\2.2\javax.persistence-api-2.2.jar;C:\Users\Administrator\.m2\repository\tk\mybatis\mapper-base\4.2.2\mapper-base-4.2.2.jar;C:\Users\Administrator\.m2\repository\tk\mybatis\mapper-weekend\4.2.2\mapper-weekend-4.2.2.jar;C:\Users\Administrator\.m2\repository\tk\mybatis\mapper-spring\4.2.2\mapper-spring-4.2.2.jar;C:\Users\Administrator\.m2\repository\tk\mybatis\mapper-extra\4.2.2\mapper-extra-4.2.2.jar;C:\Users\Administrator\.m2\repository\tk\mybatis\mapper-spring-boot-autoconfigure\4.2.2\mapper-spring-boot-autoconfigure-4.2.2.jar;C:\Users\Administrator\.m2\repository\com\github\pagehelper\pagehelper-spring-boot-starter\1.4.5\pagehelper-spring-boot-starter-1.4.5.jar;C:\Users\Administrator\.m2\repository\org\mybatis\spring\boot\mybatis-spring-boot-starter\2.2.2\mybatis-spring-boot-starter-2.2.2.jar;C:\Users\Administrator\.m2\repository\org\mybatis\spring\boot\mybatis-spring-boot-autoconfigure\2.2.2\mybatis-spring-boot-autoconfigure-2.2.2.jar;C:\Users\Administrator\.m2\repository\com\github\pagehelper\pagehelper-spring-boot-autoconfigure\1.4.5\pagehelper-spring-boot-autoconfigure-1.4.5.jar;C:\Users\Administrator\.m2\repository\com\github\pagehelper\pagehelper\5.3.2\pagehelper-5.3.2.jar;C:\Users\Administrator\.m2\repository\com\github\jsqlparser\jsqlparser\4.5\jsqlparser-4.5.jar;C:\Users\Administrator\.m2\repository\mysql\mysql-connector-java\8.0.13\mysql-connector-java-8.0.13.jar;C:\Users\Administrator\.m2\repository\org\apache\commons\commons-lang3\3.8.1\commons-lang3-3.8.1.jar;C:\Users\Administrator\.m2\repository\commons-codec\commons-codec\1.11\commons-codec-1.11.jar;C:\Users\Administrator\.m2\repository\org\apache\shiro\shiro-spring\1.10.0\shiro-spring-1.10.0.jar;C:\Users\Administrator\.m2\repository\org\apache\shiro\shiro-core\1.10.0\shiro-core-1.10.0.jar;C:\Users\Administrator\.m2\repository\org\apache\shiro\shiro-web\1.10.0\shiro-web-1.10.0.jar;C:\Users\Administrator\.m2\repository\org\owasp\encoder\encoder\1.2.3\encoder-1.2.3.jar;C:\Users\Administrator\.m2\repository\org\apache\shiro\shiro-all\1.10.0\shiro-all-1.10.0.jar;C:\Users\Administrator\.m2\repository\org\apache\shiro\shiro-lang\1.10.0\shiro-lang-1.10.0.jar;C:\Users\Administrator\.m2\repository\org\apache\shiro\shiro-config-core\1.10.0\shiro-config-core-1.10.0.jar;C:\Users\Administrator\.m2\repository\org\apache\shiro\shiro-config-ogdl\1.10.0\shiro-config-ogdl-1.10.0.jar;C:\Users\Administrator\.m2\repository\commons-beanutils\commons-beanutils\1.9.4\commons-beanutils-1.9.4.jar;C:\Users\Administrator\.m2\repository\commons-collections\commons-collections\3.2.2\commons-collections-3.2.2.jar;C:\Users\Administrator\.m2\repository\org\apache\shiro\shiro-crypto-core\1.10.0\shiro-crypto-core-1.10.0.jar;C:\Users\Administrator\.m2\repository\org\apache\shiro\shiro-crypto-hash\1.10.0\shiro-crypto-hash-1.10.0.jar;C:\Users\Administrator\.m2\repository\org\apache\shiro\shiro-crypto-cipher\1.10.0\shiro-crypto-cipher-1.10.0.jar;C:\Users\Administrator\.m2\repository\org\apache\shiro\shiro-event\1.10.0\shiro-event-1.10.0.jar;C:\Users\Administrator\.m2\repository\org\apache\shiro\shiro-aspectj\1.10.0\shiro-aspectj-1.10.0.jar;C:\Users\Administrator\.m2\repository\org\aspectj\aspectjrt\1.9.2\aspectjrt-1.9.2.jar;C:\Users\Administrator\.m2\repository\org\aspectj\aspectjweaver\1.9.2\aspectjweaver-1.9.2.jar;C:\Users\Administrator\.m2\repository\org\apache\shiro\shiro-cache\1.10.0\shiro-cache-1.10.0.jar;C:\Users\Administrator\.m2\repository\org\apache\shiro\shiro-guice\1.10.0\shiro-guice-1.10.0.jar;C:\Users\Administrator\.m2\repository\com\google\inject\guice\4.2.3\guice-4.2.3.jar;C:\Users\Administrator\.m2\repository\javax\inject\javax.inject\1\javax.inject-1.jar;C:\Users\Administrator\.m2\repository\aopalliance\aopalliance\1.0\aopalliance-1.0.jar;C:\Users\Administrator\.m2\repository\com\google\guava\guava\27.1-jre\guava-27.1-jre.jar;C:\Users\Administrator\.m2\repository\com\google\guava\failureaccess\1.0.1\failureaccess-1.0.1.jar;C:\Users\Administrator\.m2\repository\com\google\guava\listenablefuture\9999.0-empty-to-avoid-conflict-with-guava\listenablefuture-9999.0-empty-to-avoid-conflict-with-guava.jar;C:\Users\Administrator\.m2\repository\com\google\code\findbugs\jsr305\3.0.2\jsr305-3.0.2.jar;C:\Users\Administrator\.m2\repository\org\checkerframework\checker-qual\2.5.2\checker-qual-2.5.2.jar;C:\Users\Administrator\.m2\repository\com\google\errorprone\error_prone_annotations\2.2.0\error_prone_annotations-2.2.0.jar;C:\Users\Administrator\.m2\repository\com\google\j2objc\j2objc-annotations\1.1\j2objc-annotations-1.1.jar;C:\Users\Administrator\.m2\repository\org\codehaus\mojo\animal-sniffer-annotations\1.17\animal-sniffer-annotations-1.17.jar;C:\Users\Administrator\.m2\repository\com\google\inject\extensions\guice-multibindings\4.2.3\guice-multibindings-4.2.3.jar;C:\Users\Administrator\.m2\repository\org\apache\shiro\shiro-hazelcast\1.10.0\shiro-hazelcast-1.10.0.jar;C:\Users\Administrator\.m2\repository\com\hazelcast\hazelcast\3.11\hazelcast-3.11.jar;C:\Users\Administrator\.m2\repository\org\apache\shiro\shiro-quartz\1.10.0\shiro-quartz-1.10.0.jar;C:\Users\Administrator\.m2\repository\org\quartz-scheduler\quartz\2.3.0\quartz-2.3.0.jar;C:\Users\Administrator\.m2\repository\com\mchange\mchange-commons-java\0.2.11\mchange-commons-java-0.2.11.jar;C:\Users\Administrator\.m2\repository\org\apache\shiro\shiro-ehcache\1.10.0\shiro-ehcache-1.10.0.jar;C:\Users\Administrator\.m2\repository\net\sf\ehcache\ehcache-core\2.6.11\ehcache-core-2.6.11.jar;C:\Users\Administrator\.m2\repository\com\github\theborakompanioni\thymeleaf-extras-shiro\2.1.0\thymeleaf-extras-shiro-2.1.0.jar;C:\Users\Administrator\.m2\repository\org\projectlombok\lombok\1.18.24\lombok-1.18.24.jar
Launcher Type: SUN_STANDARD

[Global flags]
     intx CICompilerCount                          = 3                                         {product} {ergonomic}
     uint ConcGCThreads                            = 1                                         {product} {ergonomic}
     uint G1ConcRefinementThreads                  = 4                                         {product} {ergonomic}
   size_t G1HeapRegionSize                         = 1048576                                   {product} {ergonomic}
    uintx GCDrainStackTargetSize                   = 64                                        {product} {ergonomic}
   size_t InitialHeapSize                          = 134217728                                 {product} {ergonomic}
   size_t MarkStackSize                            = 4194304                                   {product} {ergonomic}
   size_t MaxHeapSize                              = 2124414976                                {product} {ergonomic}
   size_t MaxNewSize                               = 1274019840                                {product} {ergonomic}
   size_t MinHeapDeltaBytes                        = 1048576                                   {product} {ergonomic}
   size_t MinHeapSize                              = 8388608                                   {product} {ergonomic}
    uintx NonNMethodCodeHeapSize                   = 5832780                                {pd product} {ergonomic}
    uintx NonProfiledCodeHeapSize                  = 122912730                              {pd product} {ergonomic}
    uintx ProfiledCodeHeapSize                     = 122912730                              {pd product} {ergonomic}
    uintx ReservedCodeCacheSize                    = 251658240                              {pd product} {ergonomic}
     bool SegmentedCodeCache                       = true                                      {product} {ergonomic}
   size_t SoftMaxHeapSize                          = 2124414976                             {manageable} {ergonomic}
     bool UseCompressedClassPointers               = true                           {product lp64_product} {ergonomic}
     bool UseCompressedOops                        = true                           {product lp64_product} {ergonomic}
     bool UseG1GC                                  = true                                      {product} {ergonomic}
     bool UseLargePagesIndividualAllocation        = false                                  {pd product} {ergonomic}

Logging:
Log output configuration:
 #0: stdout all=warning uptime,level,tags foldmultilines=false
 #1: stderr all=off uptime,level,tags foldmultilines=false

Environment Variables:
CLASSPATH=.;%JAVA_HOME%\lib;%JAVA_HOME%\lib\dt.jar;%JAVA_HOME%\lib\tools.jar;
PATH=C:\Program Files\Common Files\Oracle\Java\javapath;C:\Java\jdk1.8\bin;C:\Java\jdk1.8\jre\bin;D:\apache-maven-3.8.6\bin;C:\Program Files (x86)\Java\jdk1.8.0_191\bin;D:\VMware 15.5\bin\;C:\WINDOWS\system32;C:\WINDOWS;C:\WINDOWS\System32\Wbem;C:\WINDOWS\System32\WindowsPowerShell\v1.0\;C:\WINDOWS\System32\OpenSSH\;C:\Program Files (x86)\NVIDIA Corporation\PhysX\Common;C:\Program Files (x86)\MySQL\mysql-5.6.51-winx64\bin;C:\WINDOWS\system32;C:\WINDOWS;C:\WINDOWS\System32\Wbem;C:\WINDOWS\System32\WindowsPowerShell\v1.0\;C:\WINDOWS\System32\OpenSSH\;C:\Program Files\Git\cmd;C:\Program Files\dotnet\;D:\nodejs\;C:\ProgramData\chocolatey\bin;C:\Java\bin;D:\apache-artemis-2.27.0\bin;C:\Program Files (x86)\MySQL\mysql-5.6.51-winx64\bin;C:\Users\Administrator\AppData\Local\Programs\Python\Python39\Scripts\;C:\Users\Administrator\AppData\Local\Programs\Python\Python39\;D:\Python39\;D:\Scripts\;D:\;"C:\Users\Administrator\AppData\Local\Microsoft\WindowsApps;D:\php;D:\php\ext";C:\Users\Administrator\AppData\Local\Microsoft\WindowsApps;D:\IntelliJ IDEA Community Edition 2021.3.2\bin;;C:\Users\Administrator\AppData\Roaming\npm
USERNAME=Administrator
OS=Windows_NT
PROCESSOR_IDENTIFIER=Intel64 Family 6 Model 142 Stepping 9, GenuineIntel



---------------  S Y S T E M  ---------------

OS:
 Windows 10 , 64 bit Build 19041 (10.0.19041.2364)
OS uptime: 16 days 20:49 hours

CPU: total 4 (initial active 4) (2 cores per cpu, 2 threads per core) family 6 model 142 stepping 9 microcode 0xec, cx8, cmov, fxsr, ht, mmx, 3dnowpref, sse, sse2, sse3, ssse3, sse4.1, sse4.2, popcnt, lzcnt, tsc, tscinvbit, avx, avx2, aes, erms, clmul, bmi1, bmi2, adx, fma, vzeroupper, clflush, clflushopt

Memory: 4k page, system-wide physical 8099M (267M free)
TotalPageFile size 18234M (AvailPageFile size 1M)
current process WorkingSet (physical memory assigned to process): 73M, peak: 73M
current process commit charge ("private bytes"): 224M, peak: 224M

vm_info: Java HotSpot(TM) 64-Bit Server VM (18.0.2.1+1-1) for windows-amd64 JRE (18.0.2.1+1-1), built on Aug 16 2022 01:46:33 by "mach5one" with MS VC++ 16.8 / 16.9 (VS2019)

END.
